
*** Running vivado
    with args -log Smart_responder.vdi -applog -m64 -messageDb vivado.pb -mode batch -source Smart_responder.tcl -notrace


****** Vivado v2015.4 (64-bit)
  **** SW Build 1412921 on Wed Nov 18 09:43:45 MST 2015
  **** IP Build 1412160 on Tue Nov 17 13:47:24 MST 2015
    ** Copyright 1986-2015 Xilinx, Inc. All Rights Reserved.

source Smart_responder.tcl -notrace
Design is defaulting to srcset: sources_1
Design is defaulting to constrset: constrs_1
INFO: [Netlist 29-17] Analyzing 13 Unisim elements for replacement
INFO: [Netlist 29-28] Unisim Transformation completed in 0 CPU seconds
INFO: [Project 1-479] Netlist was created with Vivado 2015.4
INFO: [Device 21-403] Loading part xc7a35tcsg324-1
INFO: [Project 1-570] Preparing netlist for logic optimization
Parsing XDC File [D:/lab2_Smart_responder/lab2_Smart_responder.srcs/constrs_1/new/Smart_responder.xdc]
Finished Parsing XDC File [D:/lab2_Smart_responder/lab2_Smart_responder.srcs/constrs_1/new/Smart_responder.xdc]
INFO: [Opt 31-138] Pushed 0 inverter(s) to 0 load pin(s).
INFO: [Project 1-111] Unisim Transformation Summary:
No Unisim elements were transformed.

link_design: Time (s): cpu = 00:00:04 ; elapsed = 00:00:05 . Memory (MB): peak = 447.719 ; gain = 236.133
Command: opt_design
Attempting to get a license for feature 'Implementation' and/or device 'xc7a35t'
INFO: [Common 17-349] Got license for feature 'Implementation' and/or device 'xc7a35t'
INFO: [Common 17-1223] The version limit for your license is '2016.05' and will expire in -146 days. A version limit expiration means that, although you may be able to continue to use the current version of tools or IP with this license, you will not be eligible for any updates or new releases.
Running DRC as a precondition to command opt_design

Starting DRC Task
INFO: [DRC 23-27] Running DRC with 2 threads
INFO: [Project 1-461] DRC finished with 0 Errors
INFO: [Project 1-462] Please refer to the DRC report (report_drc) for more information.

Time (s): cpu = 00:00:00 ; elapsed = 00:00:00.093 . Memory (MB): peak = 452.309 ; gain = 2.195
INFO: [Timing 38-35] Done setting XDC timing constraints.

Starting Logic Optimization Task
Implement Debug Cores | Checksum: 151782a58

Phase 1 Retarget
INFO: [Opt 31-138] Pushed 0 inverter(s) to 0 load pin(s).
INFO: [Opt 31-49] Retargeted 0 cell(s).
Phase 1 Retarget | Checksum: 18b0b3546

Time (s): cpu = 00:00:01 ; elapsed = 00:00:00.530 . Memory (MB): peak = 934.332 ; gain = 0.000

Phase 2 Constant Propagation
INFO: [Opt 31-138] Pushed 0 inverter(s) to 0 load pin(s).
INFO: [Opt 31-10] Eliminated 0 cells.
Phase 2 Constant Propagation | Checksum: 18b0b3546

Time (s): cpu = 00:00:01 ; elapsed = 00:00:00.655 . Memory (MB): peak = 934.332 ; gain = 0.000

Phase 3 Sweep
INFO: [Opt 31-12] Eliminated 19 unconnected nets.
INFO: [Opt 31-11] Eliminated 0 unconnected cells.
Phase 3 Sweep | Checksum: 1be215148

Time (s): cpu = 00:00:01 ; elapsed = 00:00:00.983 . Memory (MB): peak = 934.332 ; gain = 0.000

Starting Connectivity Check Task

Time (s): cpu = 00:00:00 ; elapsed = 00:00:00.078 . Memory (MB): peak = 934.332 ; gain = 0.000
Ending Logic Optimization Task | Checksum: 1be215148

Time (s): cpu = 00:00:01 ; elapsed = 00:00:01 . Memory (MB): peak = 934.332 ; gain = 0.000

Starting Power Optimization Task
INFO: [Pwropt 34-132] Skipping clock gating for clocks with a period < 2.00 ns.
Ending Power Optimization Task | Checksum: 1be215148

Time (s): cpu = 00:00:00 ; elapsed = 00:00:00.143 . Memory (MB): peak = 934.332 ; gain = 0.000
INFO: [Common 17-83] Releasing license: Implementation
21 Infos, 0 Warnings, 0 Critical Warnings and 0 Errors encountered.
opt_design completed successfully
opt_design: Time (s): cpu = 00:00:15 ; elapsed = 00:00:21 . Memory (MB): peak = 934.332 ; gain = 486.613
Writing placer database...
Writing XDEF routing.
Writing XDEF routing logical nets.
Writing XDEF routing special nets.
Write XDEF Complete: Time (s): cpu = 00:00:00 ; elapsed = 00:00:00.140 . Memory (MB): peak = 934.332 ; gain = 0.000
INFO: [DRC 23-27] Running DRC with 2 threads
INFO: [Coretcl 2-168] The results of DRC are in file D:/lab2_Smart_responder/lab2_Smart_responder.runs/impl_1/Smart_responder_drc_opted.rpt.
INFO: [Vivado_Tcl 4-424] Cannot write hardware definition file as there are no IPI block design hardware handoff files present
Command: place_design
Attempting to get a license for feature 'Implementation' and/or device 'xc7a35t'
INFO: [Common 17-349] Got license for feature 'Implementation' and/or device 'xc7a35t'
INFO: [Common 17-1223] The version limit for your license is '2016.05' and will expire in -146 days. A version limit expiration means that, although you may be able to continue to use the current version of tools or IP with this license, you will not be eligible for any updates or new releases.
INFO: [DRC 23-27] Running DRC with 2 threads
INFO: [Vivado_Tcl 4-198] DRC finished with 0 Errors
INFO: [Vivado_Tcl 4-199] Please refer to the DRC report (report_drc) for more information.
Running DRC as a precondition to command place_design
INFO: [DRC 23-27] Running DRC with 2 threads
INFO: [Vivado_Tcl 4-198] DRC finished with 0 Errors
INFO: [Vivado_Tcl 4-199] Please refer to the DRC report (report_drc) for more information.

Starting Placer Task
INFO: [Place 30-611] Multithreading enabled for place_design using a maximum of 2 CPUs

Phase 1 Placer Initialization
Netlist sorting complete. Time (s): cpu = 00:00:00 ; elapsed = 00:00:00 . Memory (MB): peak = 934.332 ; gain = 0.000
Netlist sorting complete. Time (s): cpu = 00:00:00 ; elapsed = 00:00:00 . Memory (MB): peak = 934.332 ; gain = 0.000

Phase 1.1 IO Placement/ Clock Placement/ Build Placer Device

Phase 1.1.1 Pre-Place Cells
Phase 1.1.1 Pre-Place Cells | Checksum: 7a364eae

Time (s): cpu = 00:00:00 ; elapsed = 00:00:00.141 . Memory (MB): peak = 934.332 ; gain = 0.000
INFO: [Timing 38-35] Done setting XDC timing constraints.

Phase 1.1.2 IO and Clk Clean Up
Phase 1.1.2 IO and Clk Clean Up | Checksum: 7a364eae

Time (s): cpu = 00:00:01 ; elapsed = 00:00:02 . Memory (MB): peak = 949.273 ; gain = 14.941

Phase 1.1.3 Implementation Feasibility check On IDelay
Phase 1.1.3 Implementation Feasibility check On IDelay | Checksum: 7a364eae

Time (s): cpu = 00:00:01 ; elapsed = 00:00:02 . Memory (MB): peak = 949.273 ; gain = 14.941

Phase 1.1.4 Commit IO Placement
Phase 1.1.4 Commit IO Placement | Checksum: 9520b6a8

Time (s): cpu = 00:00:01 ; elapsed = 00:00:02 . Memory (MB): peak = 949.273 ; gain = 14.941
Phase 1.1 IO Placement/ Clock Placement/ Build Placer Device | Checksum: af7b6a76

Time (s): cpu = 00:00:01 ; elapsed = 00:00:02 . Memory (MB): peak = 949.273 ; gain = 14.941

Phase 1.2 Build Placer Netlist Model

Phase 1.2.1 Place Init Design
Phase 1.2.1 Place Init Design | Checksum: 15b46111c

Time (s): cpu = 00:00:01 ; elapsed = 00:00:02 . Memory (MB): peak = 949.273 ; gain = 14.941
Phase 1.2 Build Placer Netlist Model | Checksum: 15b46111c

Time (s): cpu = 00:00:01 ; elapsed = 00:00:02 . Memory (MB): peak = 949.273 ; gain = 14.941

Phase 1.3 Constrain Clocks/Macros

Phase 1.3.1 Constrain Global/Regional Clocks
Phase 1.3.1 Constrain Global/Regional Clocks | Checksum: 15b46111c

Time (s): cpu = 00:00:01 ; elapsed = 00:00:02 . Memory (MB): peak = 949.273 ; gain = 14.941
Phase 1.3 Constrain Clocks/Macros | Checksum: 15b46111c

Time (s): cpu = 00:00:01 ; elapsed = 00:00:02 . Memory (MB): peak = 949.273 ; gain = 14.941
Phase 1 Placer Initialization | Checksum: 15b46111c

Time (s): cpu = 00:00:01 ; elapsed = 00:00:02 . Memory (MB): peak = 949.273 ; gain = 14.941

Phase 2 Global Placement
Phase 2 Global Placement | Checksum: c8a234df

Time (s): cpu = 00:00:02 ; elapsed = 00:00:03 . Memory (MB): peak = 949.273 ; gain = 14.941

Phase 3 Detail Placement

Phase 3.1 Commit Multi Column Macros
Phase 3.1 Commit Multi Column Macros | Checksum: c8a234df

Time (s): cpu = 00:00:02 ; elapsed = 00:00:03 . Memory (MB): peak = 949.273 ; gain = 14.941

Phase 3.2 Commit Most Macros & LUTRAMs
Phase 3.2 Commit Most Macros & LUTRAMs | Checksum: 14d521aa4

Time (s): cpu = 00:00:02 ; elapsed = 00:00:03 . Memory (MB): peak = 949.273 ; gain = 14.941

Phase 3.3 Area Swap Optimization
Phase 3.3 Area Swap Optimization | Checksum: 6618999e

Time (s): cpu = 00:00:02 ; elapsed = 00:00:03 . Memory (MB): peak = 949.273 ; gain = 14.941

Phase 3.4 Small Shape Detail Placement

Phase 3.4.1 Commit Small Macros and Core Logic

Phase 3.4.1.1 Commit Slice Clusters
Phase 3.4.1.1 Commit Slice Clusters | Checksum: 18efcd4de

Time (s): cpu = 00:00:02 ; elapsed = 00:00:03 . Memory (MB): peak = 949.273 ; gain = 14.941
Phase 3.4.1 Commit Small Macros and Core Logic | Checksum: 18efcd4de

Time (s): cpu = 00:00:02 ; elapsed = 00:00:03 . Memory (MB): peak = 949.273 ; gain = 14.941

Phase 3.4.2 Clock Restriction Legalization for Leaf Columns
Phase 3.4.2 Clock Restriction Legalization for Leaf Columns | Checksum: 18efcd4de

Time (s): cpu = 00:00:02 ; elapsed = 00:00:03 . Memory (MB): peak = 949.273 ; gain = 14.941

Phase 3.4.3 Clock Restriction Legalization for Non-Clock Pins
Phase 3.4.3 Clock Restriction Legalization for Non-Clock Pins | Checksum: 18efcd4de

Time (s): cpu = 00:00:02 ; elapsed = 00:00:03 . Memory (MB): peak = 949.273 ; gain = 14.941
Phase 3.4 Small Shape Detail Placement | Checksum: 18efcd4de

Time (s): cpu = 00:00:02 ; elapsed = 00:00:03 . Memory (MB): peak = 949.273 ; gain = 14.941

Phase 3.5 Re-assign LUT pins
Phase 3.5 Re-assign LUT pins | Checksum: 18efcd4de

Time (s): cpu = 00:00:02 ; elapsed = 00:00:03 . Memory (MB): peak = 949.273 ; gain = 14.941
Phase 3 Detail Placement | Checksum: 18efcd4de

Time (s): cpu = 00:00:02 ; elapsed = 00:00:03 . Memory (MB): peak = 949.273 ; gain = 14.941

Phase 4 Post Placement Optimization and Clean-Up

Phase 4.1 Post Commit Optimization
Phase 4.1 Post Commit Optimization | Checksum: 18efcd4de

Time (s): cpu = 00:00:02 ; elapsed = 00:00:03 . Memory (MB): peak = 949.273 ; gain = 14.941

Phase 4.2 Sweep Clock Roots: Post-Placement
Phase 4.2 Sweep Clock Roots: Post-Placement | Checksum: 18efcd4de

Time (s): cpu = 00:00:02 ; elapsed = 00:00:03 . Memory (MB): peak = 949.273 ; gain = 14.941

Phase 4.3 Post Placement Cleanup
Phase 4.3 Post Placement Cleanup | Checksum: 18efcd4de

Time (s): cpu = 00:00:02 ; elapsed = 00:00:03 . Memory (MB): peak = 949.273 ; gain = 14.941

Phase 4.4 Placer Reporting
Phase 4.4 Placer Reporting | Checksum: 18efcd4de

Time (s): cpu = 00:00:02 ; elapsed = 00:00:03 . Memory (MB): peak = 949.273 ; gain = 14.941

Phase 4.5 Final Placement Cleanup
Phase 4.5 Final Placement Cleanup | Checksum: 18176655c

Time (s): cpu = 00:00:02 ; elapsed = 00:00:03 . Memory (MB): peak = 949.273 ; gain = 14.941
Phase 4 Post Placement Optimization and Clean-Up | Checksum: 18176655c

Time (s): cpu = 00:00:02 ; elapsed = 00:00:03 . Memory (MB): peak = 949.273 ; gain = 14.941
Ending Placer Task | Checksum: bf639b66

Time (s): cpu = 00:00:02 ; elapsed = 00:00:03 . Memory (MB): peak = 949.273 ; gain = 14.941
INFO: [Common 17-83] Releasing license: Implementation
35 Infos, 0 Warnings, 0 Critical Warnings and 0 Errors encountered.
place_design completed successfully
Writing placer database...
Writing XDEF routing.
Writing XDEF routing logical nets.
Writing XDEF routing special nets.
Write XDEF Complete: Time (s): cpu = 00:00:00 ; elapsed = 00:00:00.062 . Memory (MB): peak = 949.273 ; gain = 0.000
report_io: Time (s): cpu = 00:00:00 ; elapsed = 00:00:00.078 . Memory (MB): peak = 949.273 ; gain = 0.000
report_utilization: Time (s): cpu = 00:00:00 ; elapsed = 00:00:00.031 . Memory (MB): peak = 949.273 ; gain = 0.000
report_control_sets: Time (s): cpu = 00:00:00 ; elapsed = 00:00:00.016 . Memory (MB): peak = 949.273 ; gain = 0.000
Command: route_design
Attempting to get a license for feature 'Implementation' and/or device 'xc7a35t'
INFO: [Common 17-349] Got license for feature 'Implementation' and/or device 'xc7a35t'
INFO: [Common 17-1223] The version limit for your license is '2016.05' and will expire in -146 days. A version limit expiration means that, although you may be able to continue to use the current version of tools or IP with this license, you will not be eligible for any updates or new releases.
Running DRC as a precondition to command route_design
INFO: [DRC 23-27] Running DRC with 2 threads
INFO: [Vivado_Tcl 4-198] DRC finished with 0 Errors
INFO: [Vivado_Tcl 4-199] Please refer to the DRC report (report_drc) for more information.


Starting Routing Task
INFO: [Route 35-254] Multithreading enabled for route_design using a maximum of 2 CPUs
Checksum: PlaceDB: b28f571a ConstDB: 0 ShapeSum: cd4444c RouteDB: 0

Phase 1 Build RT Design
Phase 1 Build RT Design | Checksum: 8d8e5fbe

Time (s): cpu = 00:00:28 ; elapsed = 00:00:25 . Memory (MB): peak = 1017.945 ; gain = 68.672

Phase 2 Router Initialization
INFO: [Route 35-64] No timing constraints were detected. The router will operate in resource-optimization mode.

Phase 2.1 Pre Route Cleanup
Phase 2.1 Pre Route Cleanup | Checksum: 8d8e5fbe

Time (s): cpu = 00:00:28 ; elapsed = 00:00:26 . Memory (MB): peak = 1022.684 ; gain = 73.410
 Number of Nodes with overlaps = 0
Phase 2 Router Initialization | Checksum: e901ff8f

Time (s): cpu = 00:00:28 ; elapsed = 00:00:26 . Memory (MB): peak = 1029.980 ; gain = 80.707

Phase 3 Initial Routing
Phase 3 Initial Routing | Checksum: 777b012b

Time (s): cpu = 00:00:28 ; elapsed = 00:00:26 . Memory (MB): peak = 1029.980 ; gain = 80.707

Phase 4 Rip-up And Reroute

Phase 4.1 Global Iteration 0
 Number of Nodes with overlaps = 2
 Number of Nodes with overlaps = 0
Phase 4.1 Global Iteration 0 | Checksum: fc681c66

Time (s): cpu = 00:00:28 ; elapsed = 00:00:26 . Memory (MB): peak = 1029.980 ; gain = 80.707
Phase 4 Rip-up And Reroute | Checksum: fc681c66

Time (s): cpu = 00:00:28 ; elapsed = 00:00:26 . Memory (MB): peak = 1029.980 ; gain = 80.707

Phase 5 Delay and Skew Optimization
Phase 5 Delay and Skew Optimization | Checksum: fc681c66

Time (s): cpu = 00:00:28 ; elapsed = 00:00:26 . Memory (MB): peak = 1029.980 ; gain = 80.707

Phase 6 Post Hold Fix
Phase 6 Post Hold Fix | Checksum: fc681c66

Time (s): cpu = 00:00:28 ; elapsed = 00:00:26 . Memory (MB): peak = 1029.980 ; gain = 80.707

Phase 7 Route finalize

Router Utilization Summary
  Global Vertical Routing Utilization    = 0.0293391 %
  Global Horizontal Routing Utilization  = 0.025898 %
  Routable Net Status*
  *Does not include unroutable nets such as driverless and loadless.
  Run report_route_status for detailed report.
  Number of Failed Nets               = 0
  Number of Unrouted Nets             = 0
  Number of Partially Routed Nets     = 0
  Number of Node Overlaps             = 0

Congestion Report
North Dir 1x1 Area, Max Cong = 9.90991%, No Congested Regions.
South Dir 1x1 Area, Max Cong = 24.3243%, No Congested Regions.
East Dir 1x1 Area, Max Cong = 17.6471%, No Congested Regions.
West Dir 1x1 Area, Max Cong = 7.35294%, No Congested Regions.
Phase 7 Route finalize | Checksum: fc681c66

Time (s): cpu = 00:00:28 ; elapsed = 00:00:26 . Memory (MB): peak = 1029.980 ; gain = 80.707

Phase 8 Verifying routed nets

 Verification completed successfully
Phase 8 Verifying routed nets | Checksum: fc681c66

Time (s): cpu = 00:00:28 ; elapsed = 00:00:26 . Memory (MB): peak = 1029.980 ; gain = 80.707

Phase 9 Depositing Routes
Phase 9 Depositing Routes | Checksum: 1363fc7ee

Time (s): cpu = 00:00:28 ; elapsed = 00:00:26 . Memory (MB): peak = 1029.980 ; gain = 80.707
INFO: [Route 35-16] Router Completed Successfully

Time (s): cpu = 00:00:28 ; elapsed = 00:00:26 . Memory (MB): peak = 1029.980 ; gain = 80.707

Routing Is Done.
INFO: [Common 17-83] Releasing license: Implementation
44 Infos, 0 Warnings, 0 Critical Warnings and 0 Errors encountered.
route_design completed successfully
route_design: Time (s): cpu = 00:00:29 ; elapsed = 00:00:27 . Memory (MB): peak = 1029.980 ; gain = 80.707
Writing placer database...
Writing XDEF routing.
Writing XDEF routing logical nets.
Writing XDEF routing special nets.
Write XDEF Complete: Time (s): cpu = 00:00:00 ; elapsed = 00:00:00.078 . Memory (MB): peak = 1029.980 ; gain = 0.000
INFO: [DRC 23-27] Running DRC with 2 threads
INFO: [Coretcl 2-168] The results of DRC are in file D:/lab2_Smart_responder/lab2_Smart_responder.runs/impl_1/Smart_responder_drc_routed.rpt.
INFO: [Timing 38-91] UpdateTimingParams: Speed grade: -1, Delay Type: min_max.
INFO: [Timing 38-191] Multithreading enabled for timing update using a maximum of 2 CPUs
WARNING: [Timing 38-313] There are no user specified timing constraints. Timing constraints are needed for proper timing analysis.
WARNING: [Power 33-232] No user defined clocks were found in the design!
Resolution: Please specify clocks using create_clock/create_generated_clock for sequential elements. For pure combinatorial circuits, please specify a virtual clock, otherwise the vectorless estimation might be inaccurate
Running Vector-less Activity Propagation...

Finished Running Vector-less Activity Propagation
Attempting to get a license for feature 'Implementation' and/or device 'xc7a35t'
INFO: [Common 17-349] Got license for feature 'Implementation' and/or device 'xc7a35t'
INFO: [Common 17-1223] The version limit for your license is '2016.05' and will expire in -146 days. A version limit expiration means that, although you may be able to continue to use the current version of tools or IP with this license, you will not be eligible for any updates or new releases.
Running DRC as a precondition to command write_bitstream
INFO: [DRC 23-27] Running DRC with 2 threads
WARNING: [DRC 23-20] Rule violation (CFGBVS-1) Missing CFGBVS and CONFIG_VOLTAGE Design Properties - Neither the CFGBVS nor CONFIG_VOLTAGE voltage property is set in the current_design.  Configuration bank voltage select (CFGBVS) must be set to VCCO or GND, and CONFIG_VOLTAGE must be set to the correct configuration voltage, in order to determine the I/O voltage support for the pins in bank 0.  It is suggested to specify these either using the 'Edit Device Properties' function in the GUI or directly in the XDC file using the following syntax:

 set_property CFGBVS value1 [current_design]
 #where value1 is either VCCO or GND

 set_property CONFIG_VOLTAGE value2 [current_design]
 #where value2 is the voltage provided to configuration bank 0

Refer to the device configuration user guide for more information.
INFO: [Vivado 12-3199] DRC finished with 0 Errors, 1 Warnings
INFO: [Vivado 12-3200] Please refer to the DRC report (report_drc) for more information.
Loading data files...
Loading site data...
Loading route data...
Processing options...
Creating bitmap...
Creating bitstream...
Writing bitstream ./Smart_responder.bit...
INFO: [Vivado 12-1842] Bitgen Completed Successfully.
INFO: [Project 1-118] WebTalk data collection is enabled (User setting is ON. Install Setting is ON.).
INFO: [Common 17-83] Releasing license: Implementation
write_bitstream: Time (s): cpu = 00:00:22 ; elapsed = 00:00:32 . Memory (MB): peak = 1366.359 ; gain = 316.676
INFO: [Vivado_Tcl 4-395] Unable to parse hwdef file Smart_responder.hwdef
INFO: [Common 17-206] Exiting Vivado at Mon Oct 24 16:04:44 2016...
