
*** Running vivado
    with args -log top_flyinglogo.vds -m64 -mode batch -messageDb vivado.pb -notrace -source top_flyinglogo.tcl


****** Vivado v2015.4 (64-bit)
  **** SW Build 1412921 on Wed Nov 18 09:43:45 MST 2015
  **** IP Build 1412160 on Tue Nov 17 13:47:24 MST 2015
    ** Copyright 1986-2015 Xilinx, Inc. All Rights Reserved.

source top_flyinglogo.tcl -notrace
Command: synth_design -top top_flyinglogo -part xc7a35tcsg324-1
Starting synth_design
Attempting to get a license for feature 'Synthesis' and/or device 'xc7a35t'
INFO: [Common 17-349] Got license for feature 'Synthesis' and/or device 'xc7a35t'
INFO: [Common 17-1223] The version limit for your license is '2016.05' and will expire in -143 days. A version limit expiration means that, although you may be able to continue to use the current version of tools or IP with this license, you will not be eligible for any updates or new releases.
---------------------------------------------------------------------------------
Starting RTL Elaboration : Time (s): cpu = 00:00:06 ; elapsed = 00:00:08 . Memory (MB): peak = 290.238 ; gain = 118.031
---------------------------------------------------------------------------------
INFO: [Synth 8-638] synthesizing module 'top_flyinglogo' [E:/lab/display_vga/display_vga.srcs/sources_1/imports/sources/top_flyinglogo.v:4]
	Parameter logo_length bound to: 10'b0010101001 
	Parameter logo_hight bound to: 10'b0001001110 
INFO: [Synth 8-638] synthesizing module 'dcm_25m' [E:/lab/display_vga/display_vga.runs/synth_1/.Xil/Vivado-1204-/realtime/dcm_25m_stub.v:6]
INFO: [Synth 8-256] done synthesizing module 'dcm_25m' (1#1) [E:/lab/display_vga/display_vga.runs/synth_1/.Xil/Vivado-1204-/realtime/dcm_25m_stub.v:6]
INFO: [Synth 8-638] synthesizing module 'logo_rom' [E:/lab/display_vga/display_vga.runs/synth_1/.Xil/Vivado-1204-/realtime/logo_rom_stub.v:7]
INFO: [Synth 8-256] done synthesizing module 'logo_rom' (2#1) [E:/lab/display_vga/display_vga.runs/synth_1/.Xil/Vivado-1204-/realtime/logo_rom_stub.v:7]
INFO: [Synth 8-638] synthesizing module 'vga_640x480' [E:/lab/display_vga/display_vga.srcs/sources_1/imports/sources/vga_timing.v:4]
	Parameter h_frontporch bound to: 96 - type: integer 
	Parameter h_active bound to: 144 - type: integer 
	Parameter h_backporch bound to: 784 - type: integer 
	Parameter h_total bound to: 800 - type: integer 
	Parameter v_frontporch bound to: 2 - type: integer 
	Parameter v_active bound to: 35 - type: integer 
	Parameter v_backporch bound to: 515 - type: integer 
	Parameter v_total bound to: 525 - type: integer 
INFO: [Synth 8-256] done synthesizing module 'vga_640x480' (3#1) [E:/lab/display_vga/display_vga.srcs/sources_1/imports/sources/vga_timing.v:4]
INFO: [Synth 8-638] synthesizing module 'debounce' [E:/lab/display_vga/display_vga.srcs/sources_1/imports/sources/debounce.v:3]
INFO: [Synth 8-256] done synthesizing module 'debounce' (4#1) [E:/lab/display_vga/display_vga.srcs/sources_1/imports/sources/debounce.v:3]
INFO: [Synth 8-226] default block is never used [E:/lab/display_vga/display_vga.srcs/sources_1/imports/sources/top_flyinglogo.v:185]
INFO: [Synth 8-256] done synthesizing module 'top_flyinglogo' (5#1) [E:/lab/display_vga/display_vga.srcs/sources_1/imports/sources/top_flyinglogo.v:4]
---------------------------------------------------------------------------------
Finished RTL Elaboration : Time (s): cpu = 00:00:07 ; elapsed = 00:00:09 . Memory (MB): peak = 326.551 ; gain = 154.344
---------------------------------------------------------------------------------

Report Check Netlist: 
+------+------------------+-------+---------+-------+------------------+
|      |Item              |Errors |Warnings |Status |Description       |
+------+------------------+-------+---------+-------+------------------+
|1     |multi_driven_nets |      0|        0|Passed |Multi driven nets |
+------+------------------+-------+---------+-------+------------------+
---------------------------------------------------------------------------------
Finished RTL Optimization Phase 1 : Time (s): cpu = 00:00:07 ; elapsed = 00:00:09 . Memory (MB): peak = 326.551 ; gain = 154.344
---------------------------------------------------------------------------------
INFO: [Device 21-403] Loading part xc7a35tcsg324-1
INFO: [Project 1-570] Preparing netlist for logic optimization

Processing XDC Constraints
Initializing timing engine
Parsing XDC File [E:/lab/display_vga/display_vga.runs/synth_1/.Xil/Vivado-1204-/dcp/dcm_25m_in_context.xdc] for cell 'u0'
Finished Parsing XDC File [E:/lab/display_vga/display_vga.runs/synth_1/.Xil/Vivado-1204-/dcp/dcm_25m_in_context.xdc] for cell 'u0'
Parsing XDC File [E:/lab/display_vga/display_vga.runs/synth_1/.Xil/Vivado-1204-/dcp_2/logo_rom_in_context.xdc] for cell 'u1'
Finished Parsing XDC File [E:/lab/display_vga/display_vga.runs/synth_1/.Xil/Vivado-1204-/dcp_2/logo_rom_in_context.xdc] for cell 'u1'
Parsing XDC File [E:/lab/display_vga/display_vga.srcs/constrs_1/new/display_vga.xdc]
Finished Parsing XDC File [E:/lab/display_vga/display_vga.srcs/constrs_1/new/display_vga.xdc]
INFO: [Project 1-236] Implementation specific constraints were found while reading constraint file [E:/lab/display_vga/display_vga.srcs/constrs_1/new/display_vga.xdc]. These constraints will be ignored for synthesis but will be used in implementation. Impacted constraints are listed in the file [.Xil/top_flyinglogo_propImpl.xdc].
Resolution: To avoid this warning, move constraints listed in [.Xil/top_flyinglogo_propImpl.xdc] to another XDC file and exclude this new file from synthesis with the used_in_synthesis property (File Properties dialog in GUI) and re-run elaboration/synthesis.
Completed Processing XDC Constraints

INFO: [Project 1-111] Unisim Transformation Summary:
No Unisim elements were transformed.

Constraint Validation Runtime : Time (s): cpu = 00:00:00 ; elapsed = 00:00:00 . Memory (MB): peak = 613.539 ; gain = 0.000
---------------------------------------------------------------------------------
Finished Constraint Validation : Time (s): cpu = 00:00:15 ; elapsed = 00:00:18 . Memory (MB): peak = 613.539 ; gain = 441.332
---------------------------------------------------------------------------------
---------------------------------------------------------------------------------
Start Loading Part and Timing Information
---------------------------------------------------------------------------------
Loading part: xc7a35tcsg324-1
---------------------------------------------------------------------------------
Finished Loading Part and Timing Information : Time (s): cpu = 00:00:15 ; elapsed = 00:00:18 . Memory (MB): peak = 613.539 ; gain = 441.332
---------------------------------------------------------------------------------
---------------------------------------------------------------------------------
Start Applying 'set_property' XDC Constraints
---------------------------------------------------------------------------------
Applied set_property IO_BUFFER_TYPE = NONE for clk. (constraint file  E:/lab/display_vga/display_vga.runs/synth_1/.Xil/Vivado-1204-/dcp/dcm_25m_in_context.xdc, line 3).
---------------------------------------------------------------------------------
Finished applying 'set_property' XDC Constraints : Time (s): cpu = 00:00:15 ; elapsed = 00:00:18 . Memory (MB): peak = 613.539 ; gain = 441.332
---------------------------------------------------------------------------------
INFO: [Synth 8-5546] ROM "y_cnt" won't be mapped to RAM because it is too sparse
INFO: [Synth 8-3537] HDL ADVISOR - The operator resource <adder> is shared. To prevent sharing consider applying a KEEP on the inputs of the operator [E:/lab/display_vga/display_vga.srcs/sources_1/imports/sources/top_flyinglogo.v:185]
INFO: [Synth 8-3537] HDL ADVISOR - The operator resource <adder> is shared. To prevent sharing consider applying a KEEP on the inputs of the operator [E:/lab/display_vga/display_vga.srcs/sources_1/imports/sources/top_flyinglogo.v:185]
INFO: [Synth 8-5546] ROM "rom_addr" won't be mapped to RAM because it is too sparse
---------------------------------------------------------------------------------
Finished RTL Optimization Phase 2 : Time (s): cpu = 00:00:16 ; elapsed = 00:00:18 . Memory (MB): peak = 613.539 ; gain = 441.332
---------------------------------------------------------------------------------

Report RTL Partitions: 
+-+--------------+------------+----------+
| |RTL Partition |Replication |Instances |
+-+--------------+------------+----------+
+-+--------------+------------+----------+
---------------------------------------------------------------------------------
Start RTL Component Statistics 
---------------------------------------------------------------------------------
Detailed RTL Component Info : 
+---Adders : 
	   2 Input     32 Bit       Adders := 2     
	   2 Input     10 Bit       Adders := 6     
	   2 Input      8 Bit       Adders := 1     
+---Registers : 
	               12 Bit    Registers := 1     
	               10 Bit    Registers := 4     
	                8 Bit    Registers := 1     
	                2 Bit    Registers := 1     
	                1 Bit    Registers := 3     
+---Muxes : 
	   2 Input     12 Bit        Muxes := 2     
	   2 Input     10 Bit        Muxes := 3     
	   3 Input      2 Bit        Muxes := 4     
	   2 Input      2 Bit        Muxes := 3     
	   2 Input      1 Bit        Muxes := 4     
	   3 Input      1 Bit        Muxes := 1     
---------------------------------------------------------------------------------
Finished RTL Component Statistics 
---------------------------------------------------------------------------------
---------------------------------------------------------------------------------
Start RTL Hierarchical Component Statistics 
---------------------------------------------------------------------------------
Hierarchical RTL Component report 
Module top_flyinglogo 
Detailed RTL Component Info : 
+---Adders : 
	   2 Input     32 Bit       Adders := 2     
	   2 Input     10 Bit       Adders := 2     
	   2 Input      8 Bit       Adders := 1     
+---Registers : 
	               12 Bit    Registers := 1     
	               10 Bit    Registers := 2     
	                8 Bit    Registers := 1     
	                2 Bit    Registers := 1     
+---Muxes : 
	   2 Input     12 Bit        Muxes := 2     
	   3 Input      2 Bit        Muxes := 4     
	   2 Input      2 Bit        Muxes := 3     
	   3 Input      1 Bit        Muxes := 1     
	   2 Input      1 Bit        Muxes := 2     
Module vga_640x480 
Detailed RTL Component Info : 
+---Adders : 
	   2 Input     10 Bit       Adders := 4     
+---Registers : 
	               10 Bit    Registers := 2     
+---Muxes : 
	   2 Input     10 Bit        Muxes := 3     
	   2 Input      1 Bit        Muxes := 2     
Module debounce 
Detailed RTL Component Info : 
+---Registers : 
	                1 Bit    Registers := 3     
---------------------------------------------------------------------------------
Finished RTL Hierarchical Component Statistics
---------------------------------------------------------------------------------
---------------------------------------------------------------------------------
Start Part Resource Summary
---------------------------------------------------------------------------------
Part Resources:
DSPs: 90 (col length:60)
BRAMs: 100 (col length: RAMB18 60 RAMB36 30)
---------------------------------------------------------------------------------
Finished Part Resource Summary
---------------------------------------------------------------------------------
Start Parallel Synthesis Optimization  : Time (s): cpu = 00:00:16 ; elapsed = 00:00:18 . Memory (MB): peak = 613.539 ; gain = 441.332
---------------------------------------------------------------------------------
Start Cross Boundary Optimization
---------------------------------------------------------------------------------
INFO: [Synth 8-5546] ROM "u2/y_cnt" won't be mapped to RAM because it is too sparse
INFO: [Synth 8-5546] ROM "rom_addr" won't be mapped to RAM because it is too sparse
---------------------------------------------------------------------------------
Finished Cross Boundary Optimization : Time (s): cpu = 00:00:16 ; elapsed = 00:00:19 . Memory (MB): peak = 613.539 ; gain = 441.332
---------------------------------------------------------------------------------
Finished Parallel Reinference  : Time (s): cpu = 00:00:16 ; elapsed = 00:00:19 . Memory (MB): peak = 613.539 ; gain = 441.332

Report RTL Partitions: 
+-+--------------+------------+----------+
| |RTL Partition |Replication |Instances |
+-+--------------+------------+----------+
+-+--------------+------------+----------+
---------------------------------------------------------------------------------
Start Area Optimization
---------------------------------------------------------------------------------
WARNING: [Synth 8-3332] Sequential element (\speed_cnt_reg[7] ) is unused and will be removed from module top_flyinglogo.
WARNING: [Synth 8-3332] Sequential element (\speed_cnt_reg[6] ) is unused and will be removed from module top_flyinglogo.
---------------------------------------------------------------------------------
Finished Area Optimization : Time (s): cpu = 00:00:17 ; elapsed = 00:00:19 . Memory (MB): peak = 613.539 ; gain = 441.332
---------------------------------------------------------------------------------
Finished Parallel Area Optimization  : Time (s): cpu = 00:00:17 ; elapsed = 00:00:19 . Memory (MB): peak = 613.539 ; gain = 441.332

Report RTL Partitions: 
+-+--------------+------------+----------+
| |RTL Partition |Replication |Instances |
+-+--------------+------------+----------+
+-+--------------+------------+----------+
---------------------------------------------------------------------------------
Start Timing Optimization
---------------------------------------------------------------------------------
---------------------------------------------------------------------------------
Start Applying XDC Timing Constraints
---------------------------------------------------------------------------------
INFO: [Synth 8-5578] Moved timing constraint from pin 'u0/clk_out1' to pin 'u0/bbstub_clk_out1/O'
INFO: Moved 1 constraints on hierarchical pins to their respective driving/loading pins
---------------------------------------------------------------------------------
Finished Applying XDC Timing Constraints : Time (s): cpu = 00:00:29 ; elapsed = 00:00:32 . Memory (MB): peak = 613.539 ; gain = 441.332
---------------------------------------------------------------------------------
---------------------------------------------------------------------------------
Finished Timing Optimization : Time (s): cpu = 00:00:30 ; elapsed = 00:00:33 . Memory (MB): peak = 613.539 ; gain = 441.332
---------------------------------------------------------------------------------

Report RTL Partitions: 
+-+--------------+------------+----------+
| |RTL Partition |Replication |Instances |
+-+--------------+------------+----------+
+-+--------------+------------+----------+
---------------------------------------------------------------------------------
Start Technology Mapping
---------------------------------------------------------------------------------
---------------------------------------------------------------------------------
Finished Technology Mapping : Time (s): cpu = 00:00:30 ; elapsed = 00:00:33 . Memory (MB): peak = 613.676 ; gain = 441.469
---------------------------------------------------------------------------------
Finished Parallel Technology Mapping Optimization  : Time (s): cpu = 00:00:30 ; elapsed = 00:00:33 . Memory (MB): peak = 613.676 ; gain = 441.469

Report RTL Partitions: 
+-+--------------+------------+----------+
| |RTL Partition |Replication |Instances |
+-+--------------+------------+----------+
+-+--------------+------------+----------+
Finished Parallel Synthesis Optimization  : Time (s): cpu = 00:00:30 ; elapsed = 00:00:33 . Memory (MB): peak = 613.676 ; gain = 441.469
---------------------------------------------------------------------------------
Start IO Insertion
---------------------------------------------------------------------------------
---------------------------------------------------------------------------------
Start Flattening Before IO Insertion
---------------------------------------------------------------------------------
---------------------------------------------------------------------------------
Finished Flattening Before IO Insertion
---------------------------------------------------------------------------------
---------------------------------------------------------------------------------
Start Final Netlist Cleanup
---------------------------------------------------------------------------------
---------------------------------------------------------------------------------
Finished Final Netlist Cleanup
---------------------------------------------------------------------------------
---------------------------------------------------------------------------------
Finished IO Insertion : Time (s): cpu = 00:00:31 ; elapsed = 00:00:34 . Memory (MB): peak = 613.676 ; gain = 441.469
---------------------------------------------------------------------------------

Report Check Netlist: 
+------+------------------+-------+---------+-------+------------------+
|      |Item              |Errors |Warnings |Status |Description       |
+------+------------------+-------+---------+-------+------------------+
|1     |multi_driven_nets |      0|        0|Passed |Multi driven nets |
+------+------------------+-------+---------+-------+------------------+
---------------------------------------------------------------------------------
Start Renaming Generated Instances
---------------------------------------------------------------------------------
---------------------------------------------------------------------------------
Finished Renaming Generated Instances : Time (s): cpu = 00:00:31 ; elapsed = 00:00:34 . Memory (MB): peak = 613.676 ; gain = 441.469
---------------------------------------------------------------------------------

Report RTL Partitions: 
+-+--------------+------------+----------+
| |RTL Partition |Replication |Instances |
+-+--------------+------------+----------+
+-+--------------+------------+----------+
---------------------------------------------------------------------------------
Start Rebuilding User Hierarchy
---------------------------------------------------------------------------------
---------------------------------------------------------------------------------
Finished Rebuilding User Hierarchy : Time (s): cpu = 00:00:31 ; elapsed = 00:00:34 . Memory (MB): peak = 613.676 ; gain = 441.469
---------------------------------------------------------------------------------
---------------------------------------------------------------------------------
Start Renaming Generated Ports
---------------------------------------------------------------------------------
---------------------------------------------------------------------------------
Finished Renaming Generated Ports : Time (s): cpu = 00:00:31 ; elapsed = 00:00:34 . Memory (MB): peak = 613.676 ; gain = 441.469
---------------------------------------------------------------------------------
---------------------------------------------------------------------------------
Start Handling Custom Attributes
---------------------------------------------------------------------------------
---------------------------------------------------------------------------------
Finished Handling Custom Attributes : Time (s): cpu = 00:00:31 ; elapsed = 00:00:34 . Memory (MB): peak = 613.676 ; gain = 441.469
---------------------------------------------------------------------------------
---------------------------------------------------------------------------------
Start Renaming Generated Nets
---------------------------------------------------------------------------------
---------------------------------------------------------------------------------
Finished Renaming Generated Nets : Time (s): cpu = 00:00:31 ; elapsed = 00:00:34 . Memory (MB): peak = 613.676 ; gain = 441.469
---------------------------------------------------------------------------------
---------------------------------------------------------------------------------
Start Writing Synthesis Report
---------------------------------------------------------------------------------

Report BlackBoxes: 
+------+--------------+----------+
|      |BlackBox name |Instances |
+------+--------------+----------+
|1     |dcm_25m       |         1|
|2     |logo_rom      |         1|
+------+--------------+----------+

Report Cell Usage: 
+------+---------+------+
|      |Cell     |Count |
+------+---------+------+
|1     |dcm_25m  |     1|
|2     |logo_rom |     1|
|3     |CARRY4   |    18|
|4     |LUT1     |    22|
|5     |LUT2     |    28|
|6     |LUT3     |    11|
|7     |LUT4     |    17|
|8     |LUT5     |    41|
|9     |LUT6     |    54|
|10    |FDCE     |     9|
|11    |FDPE     |     1|
|12    |FDRE     |    56|
|13    |FDSE     |    11|
|14    |IBUF     |     1|
|15    |OBUF     |    14|
+------+---------+------+

Report Instance Areas: 
+------+---------+------------+------+
|      |Instance |Module      |Cells |
+------+---------+------------+------+
|1     |top      |            |   296|
|2     |  u2     |vga_640x480 |   140|
|3     |  u3     |debounce    |     4|
+------+---------+------------+------+
---------------------------------------------------------------------------------
Finished Writing Synthesis Report : Time (s): cpu = 00:00:31 ; elapsed = 00:00:34 . Memory (MB): peak = 613.676 ; gain = 441.469
---------------------------------------------------------------------------------
Synthesis finished with 0 errors, 0 critical warnings and 2 warnings.
Synthesis Optimization Runtime : Time (s): cpu = 00:00:20 ; elapsed = 00:00:25 . Memory (MB): peak = 613.676 ; gain = 102.895
Synthesis Optimization Complete : Time (s): cpu = 00:00:31 ; elapsed = 00:00:34 . Memory (MB): peak = 613.676 ; gain = 441.469
INFO: [Project 1-571] Translating synthesized netlist
INFO: [Netlist 29-17] Analyzing 19 Unisim elements for replacement
INFO: [Netlist 29-28] Unisim Transformation completed in 0 CPU seconds
INFO: [Project 1-570] Preparing netlist for logic optimization
INFO: [Opt 31-138] Pushed 0 inverter(s) to 0 load pin(s).
INFO: [Project 1-111] Unisim Transformation Summary:
No Unisim elements were transformed.

INFO: [Common 17-83] Releasing license: Synthesis
31 Infos, 2 Warnings, 0 Critical Warnings and 0 Errors encountered.
synth_design completed successfully
synth_design: Time (s): cpu = 00:00:30 ; elapsed = 00:00:32 . Memory (MB): peak = 613.676 ; gain = 398.285
report_utilization: Time (s): cpu = 00:00:00 ; elapsed = 00:00:00.016 . Memory (MB): peak = 613.676 ; gain = 0.000
INFO: [Common 17-206] Exiting Vivado at Fri Oct 21 10:22:11 2016...
